<?xml version="1.0" encoding="UTF-8"?>
<!-- Generated by org.testng.reporters.JUnitXMLReporter -->
<testsuite hostname="Lainpu1502-0041" name="Test1" tests="1" failures="1" timestamp="27 Mar 2019 08:47:47 GMT" time="128.822" errors="0">
  <testcase name="@AfterClass destroy" time="0.0" classname="ACDCWebPortal.processManuscriptUsingWebportal1">
    <failure type="java.lang.NullPointerException">
      <![CDATA[java.lang.NullPointerException
	at base.TestBase.getDriverInstance(TestBase.java:189)
	at base.TestBase.destroy(TestBase.java:214)
	at java.util.concurrent.FutureTask.run(FutureTask.java:266)
	at java.util.concurrent.ThreadPoolExecutor.runWorker(ThreadPoolExecutor.java:1149)
	at java.util.concurrent.ThreadPoolExecutor$Worker.run(ThreadPoolExecutor.java:624)
	at java.lang.Thread.run(Thread.java:748)
... Removed 16 stack frames]]>
    </failure>
  </testcase> <!-- @AfterClass destroy -->
  <testcase name="processManuscriptFile" time="117.213" classname="ACDCWebPortal.processManuscriptUsingWebportal1">
    <failure type="java.lang.NullPointerException">
      <![CDATA[java.lang.NullPointerException
	at base.TestBase.getDriverInstance(TestBase.java:189)
	at ACDCWebPortal.processManuscriptUsingWebportal1.processManuscriptFile(processManuscriptUsingWebportal1.java:85)
	at java.util.concurrent.FutureTask.run(FutureTask.java:266)
	at java.util.concurrent.ThreadPoolExecutor.runWorker(ThreadPoolExecutor.java:1149)
	at java.util.concurrent.ThreadPoolExecutor$Worker.run(ThreadPoolExecutor.java:624)
	at java.lang.Thread.run(Thread.java:748)
... Removed 16 stack frames]]>
    </failure>
  </testcase> <!-- processManuscriptFile -->
</testsuite> <!-- Test1 -->
