<?xml version="1.0" encoding="UTF-8"?>
<!-- Generated by org.testng.reporters.JUnitXMLReporter -->
<testsuite hostname="LAINPU1502-0130" name="Test" tests="1" failures="1" timestamp="25 Jul 2019 11:35:47 GMT" time="14.176" errors="0">
  <testcase name="processManuscriptFile" time="0.007" classname="ACDCWebPortal.processManuscriptUsingWebortal">
    <failure type="java.lang.NullPointerException">
      <![CDATA[java.lang.NullPointerException
	at utility.Utils.listFilesAndFilesSubDirectories(Utils.java:111)
	at ACDCWebPortal.processManuscriptUsingWebortal.processManuscriptFile(processManuscriptUsingWebortal.java:49)
... Removed 24 stack frames]]>
    </failure>
  </testcase> <!-- processManuscriptFile -->
</testsuite> <!-- Test -->
